* using log directory ‘/Users/OliverWS/Dropbox (Personal)/TVDSM/..Rcheck’
* using R version 4.4.1 (2024-06-14)
* using platform: aarch64-apple-darwin20
* R was compiled by
    Apple clang version 14.0.0 (clang-1400.0.29.202)
    GNU Fortran (GCC) 12.2.0
* running under: macOS 15.3.1
* using session charset: UTF-8
* checking for file ‘./DESCRIPTION’ ... OK
* checking extension type ... Package
* this is package ‘tvdsm’ version ‘1.3’
* checking package namespace information ... OK
* checking package dependencies ... OK
* checking if this is a source package ... OK
* checking if there is a namespace ... OK
* checking for executable files ... OK
* checking for hidden files and directories ... NOTE
Found the following hidden files and directories:
  .DS_Store
  .git/.DS_Store
  .gitignore
  R/.DS_Store
  ..Rcheck
  .git
These were most likely included in error. See section ‘Package
structure’ in the ‘Writing R Extensions’ manual.
* checking for portable file names ... OK
* checking for sufficient/correct file permissions ... OK
* checking whether package ‘tvdsm’ can be installed ... ERROR
Installation failed.
See ‘/Users/OliverWS/Dropbox (Personal)/TVDSM/..Rcheck/00install.out’ for details.
* DONE
Status: 1 ERROR, 1 NOTE
